#
# There is insufficient memory for the Java Runtime Environment to continue.
# Native memory allocation (malloc) failed to allocate 1048576 bytes. Error detail: AllocateHeap
# Possible reasons:
#   The system is out of physical RAM or swap space
#   This process is running with CompressedOops enabled, and the Java Heap may be blocking the growth of the native heap
# Possible solutions:
#   Reduce memory load on the system
#   Increase physical memory or swap space
#   Check if swap backing store is full
#   Decrease Java heap size (-Xmx/-Xms)
#   Decrease number of Java threads
#   Decrease Java thread stack sizes (-Xss)
#   Set larger code cache with -XX:ReservedCodeCacheSize=
#   JVM is running with Unscaled Compressed Oops mode in which the Java heap is
#     placed in the first 4GB address space. The Java Heap base address is the
#     maximum limit for the native heap growth. Please use -XX:HeapBaseMinAddress
#     to set the Java Heap base and to place the Java Heap above 4GB virtual address.
# This output file may be truncated or incomplete.
#
#  Out of Memory Error (allocation.cpp:44), pid=18356, tid=18056
#
# JRE version:  (22.0.1+8) (build )
# Java VM: Java HotSpot(TM) 64-Bit Server VM (22.0.1+8-16, mixed mode, sharing, tiered, compressed oops, compressed class ptrs, g1 gc, windows-amd64)
# No core dump will be written. Minidumps are not enabled by default on client versions of Windows
#

---------------  S U M M A R Y ------------

Command Line: -Dfile.encoding=UTF-8 --module-path=C:\Users\4\Documents\NetBeansProjects\Bank Management System\build\classes bank.management.system.Deposite

Host: Intel(R) Core(TM) i5-2430M CPU @ 2.40GHz, 4 cores, 3G,  Windows 10 , 64 bit Build 19041 (10.0.19041.1889)
Time: Wed Sep 25 09:45:09 2024 India Standard Time elapsed time: 0.169201 seconds (0d 0h 0m 0s)

---------------  T H R E A D  ---------------

Current thread (0x0000029e26468dc0):  JavaThread "Unknown thread" [_thread_in_vm, id=18056, stack(0x000000f011f00000,0x000000f012000000) (1024K)]

Stack: [0x000000f011f00000,0x000000f012000000]
Native frames: (J=compiled Java code, j=interpreted, Vv=VM code, C=native code)
V  [jvm.dll+0x6e2279]  (no source info available)
V  [jvm.dll+0x874e33]  (no source info available)
V  [jvm.dll+0x87725e]  (no source info available)
V  [jvm.dll+0x877933]  (no source info available)
V  [jvm.dll+0x27fd76]  (no source info available)
V  [jvm.dll+0xbe877]  (no source info available)
V  [jvm.dll+0x32a5a8]  (no source info available)
V  [jvm.dll+0x83cca0]  (no source info available)
V  [jvm.dll+0x3c0d71]  (no source info available)
V  [jvm.dll+0x825ccc]  (no source info available)
V  [jvm.dll+0x45b8fe]  (no source info available)
V  [jvm.dll+0x45d781]  (no source info available)
C  [jli.dll+0x52a3]  (no source info available)
C  [ucrtbase.dll+0x21bb2]  (no source info available)
C  [KERNEL32.DLL+0x17034]  (no source info available)
C  [ntdll.dll+0x526a1]  (no source info available)


---------------  P R O C E S S  ---------------

Threads class SMR info:
_java_thread_list=0x00007ffd7b81b1c8, length=0, elements={
}

Java Threads: ( => current thread )
Total: 0

Other Threads:

=>0x0000029e26468dc0 (exited) JavaThread "Unknown thread"    [_thread_in_vm, id=18056, stack(0x000000f011f00000,0x000000f012000000) (1024K)]
Total: 1

Threads with active compile tasks:
Total: 0

VM state: not at safepoint (not fully initialized)

VM Mutex/Monitor currently owned by a thread: None

Heap address: 0x0000000000000000, size: 0 MB, Compressed Oops mode: 32-bit

CDS archive(s) mapped at: [0x0000000000000000-0x0000000000000000-0x0000000000000000), size 0, SharedBaseAddress: 0x0000000800000000, ArchiveRelocationMode: 1.
Narrow klass base: 0x0000000000000000, Narrow klass shift: 0, Narrow klass range: 0x0

GC Precious Log:
 CardTable entry size: 512
 Card Set container configuration: InlinePtr #cards 5 size 8 Array Of Cards #cards 12 size 40 Howl #buckets 4 coarsen threshold 1843 Howl Bitmap #cards 512 size 80 coarsen threshold 460 Card regions per heap region 1 cards per card region 2048

GC Heap History (0 events):
No events

Dll operation events (1 events):
Event: 0.098 Loaded shared library C:\Program Files\Java\jdk-22\bin\java.dll

Deoptimization events (0 events):
No events

Classes loaded (0 events):
No events

Classes unloaded (0 events):
No events

Classes redefined (0 events):
No events

Internal exceptions (0 events):
No events

ZGC Phase Switch (0 events):
No events

VM Operations (0 events):
No events

Events (0 events):
No events


Dynamic libraries:
0x00007ff6a73d0000 - 0x00007ff6a73e0000 	C:\Program Files\Java\jdk-22\bin\java.exe
0x00007ffdd7a10000 - 0x00007ffdd7c08000 	C:\Windows\SYSTEM32\ntdll.dll
0x00007ffdd6f80000 - 0x00007ffdd703d000 	C:\Windows\System32\KERNEL32.DLL
0x00007ffdd5260000 - 0x00007ffdd552e000 	C:\Windows\System32\KERNELBASE.dll
0x00007ffdd56d0000 - 0x00007ffdd57d0000 	C:\Windows\System32\ucrtbase.dll
0x00007ffdd0ba0000 - 0x00007ffdd0bbb000 	C:\Program Files\Java\jdk-22\bin\VCRUNTIME140.dll
0x00007ffdbcee0000 - 0x00007ffdbcef7000 	C:\Program Files\Java\jdk-22\bin\jli.dll
0x00007ffdd6480000 - 0x00007ffdd652e000 	C:\Windows\System32\ADVAPI32.dll
0x00007ffdd6680000 - 0x00007ffdd671e000 	C:\Windows\System32\msvcrt.dll
0x00007ffdd63e0000 - 0x00007ffdd647c000 	C:\Windows\System32\sechost.dll
0x00007ffdd6550000 - 0x00007ffdd6675000 	C:\Windows\System32\RPCRT4.dll
0x00007ffdd6dd0000 - 0x00007ffdd6f70000 	C:\Windows\System32\USER32.dll
0x00007ffdc4810000 - 0x00007ffdc4aaa000 	C:\Windows\WinSxS\amd64_microsoft.windows.common-controls_6595b64144ccf1df_6.0.19041.1110_none_60b5254171f9507e\COMCTL32.dll
0x00007ffdd5580000 - 0x00007ffdd55a2000 	C:\Windows\System32\win32u.dll
0x00007ffdd7040000 - 0x00007ffdd706a000 	C:\Windows\System32\GDI32.dll
0x00007ffdd5930000 - 0x00007ffdd5a3b000 	C:\Windows\System32\gdi32full.dll
0x00007ffdd51c0000 - 0x00007ffdd525d000 	C:\Windows\System32\msvcp_win.dll
0x00007ffdcf490000 - 0x00007ffdcf49a000 	C:\Windows\SYSTEM32\VERSION.dll
0x00007ffdd63b0000 - 0x00007ffdd63e0000 	C:\Windows\System32\IMM32.DLL
0x00007ffdd0b40000 - 0x00007ffdd0b4c000 	C:\Program Files\Java\jdk-22\bin\vcruntime140_1.dll
0x00007ffdb2330000 - 0x00007ffdb23be000 	C:\Program Files\Java\jdk-22\bin\msvcp140.dll
0x00007ffd7ac30000 - 0x00007ffd7b977000 	C:\Program Files\Java\jdk-22\bin\server\jvm.dll
0x00007ffdd5e60000 - 0x00007ffdd5ecb000 	C:\Windows\System32\WS2_32.dll
0x00007ffdd5020000 - 0x00007ffdd506b000 	C:\Windows\SYSTEM32\POWRPROF.dll
0x00007ffdc42d0000 - 0x00007ffdc42f7000 	C:\Windows\SYSTEM32\WINMM.dll
0x00007ffdd4ff0000 - 0x00007ffdd5002000 	C:\Windows\SYSTEM32\UMPDC.dll
0x00007ffdd3020000 - 0x00007ffdd3032000 	C:\Windows\SYSTEM32\kernel.appcore.dll
0x00007ffdc73b0000 - 0x00007ffdc73ba000 	C:\Program Files\Java\jdk-22\bin\jimage.dll
0x00007ffdc4db0000 - 0x00007ffdc4f94000 	C:\Windows\SYSTEM32\DBGHELP.DLL
0x00007ffdc46d0000 - 0x00007ffdc46fc000 	C:\Windows\SYSTEM32\dbgcore.DLL
0x00007ffdd5130000 - 0x00007ffdd51b2000 	C:\Windows\System32\bcryptPrimitives.dll
0x00007ffdc73c0000 - 0x00007ffdc73de000 	C:\Program Files\Java\jdk-22\bin\java.dll
0x00007ffdd7070000 - 0x00007ffdd77b3000 	C:\Windows\System32\SHELL32.dll
0x00007ffdd78a0000 - 0x00007ffdd79ca000 	C:\Windows\System32\ole32.dll
0x00007ffdd5f30000 - 0x00007ffdd6284000 	C:\Windows\System32\combase.dll

dbghelp: loaded successfully - version: 4.0.5 - missing functions: none
symbol engine: initialized successfully - sym options: 0x614 - pdb path: .;C:\Program Files\Java\jdk-22\bin;C:\Windows\SYSTEM32;C:\Windows\WinSxS\amd64_microsoft.windows.common-controls_6595b64144ccf1df_6.0.19041.1110_none_60b5254171f9507e;C:\Program Files\Java\jdk-22\bin\server

VM Arguments:
jvm_args: -Dfile.encoding=UTF-8 --module-path=C:\Users\4\Documents\NetBeansProjects\Bank Management System\build\classes 
java_command: bank.management.system.Deposite
java_class_path (initial): C:\Users\4\Downloads\jcalendar-tz-1.3.3-4.jar;C:\Users\4\Downloads\mysql-connector-java-8.0.28.jar;C:\Users\4\Documents\NetBeansProjects\Bank Management System\build\classes
Launcher Type: SUN_STANDARD

[Global flags]
     intx CICompilerCount                          = 3                                         {product} {ergonomic}
     uint ConcGCThreads                            = 1                                         {product} {ergonomic}
     uint G1ConcRefinementThreads                  = 4                                         {product} {ergonomic}
   size_t G1HeapRegionSize                         = 1048576                                   {product} {ergonomic}
   size_t InitialHeapSize                          = 67108864                                  {product} {ergonomic}
   size_t MarkStackSize                            = 4194304                                   {product} {ergonomic}
   size_t MaxHeapSize                              = 1048576000                                {product} {ergonomic}
   size_t MinHeapDeltaBytes                        = 1048576                                   {product} {ergonomic}
   size_t MinHeapSize                              = 8388608                                   {product} {ergonomic}
    uintx NonNMethodCodeHeapSize                   = 5832780                                {pd product} {ergonomic}
    uintx NonProfiledCodeHeapSize                  = 122912730                              {pd product} {ergonomic}
    uintx ProfiledCodeHeapSize                     = 122912730                              {pd product} {ergonomic}
    uintx ReservedCodeCacheSize                    = 251658240                              {pd product} {ergonomic}
     bool SegmentedCodeCache                       = true                                      {product} {ergonomic}
   size_t SoftMaxHeapSize                          = 1048576000                             {manageable} {ergonomic}
     bool UseCompressedOops                        = true                           {product lp64_product} {ergonomic}
     bool UseG1GC                                  = true                                      {product} {ergonomic}
     bool UseLargePagesIndividualAllocation        = false                                  {pd product} {ergonomic}

Logging:
Log output configuration:
 #0: stdout all=warning uptime,level,tags foldmultilines=false
 #1: stderr all=off uptime,level,tags foldmultilines=false

Environment Variables:
PATH=C:\Program Files\Common Files\Oracle\Java\javapath;C:\Windows\system32;C:\Windows;C:\Windows\System32\Wbem;C:\Windows\System32\WindowsPowerShell\v1.0\;C:\Windows\System32\OpenSSH\;C:\Program Files\MySQL\MySQL Shell 8.0\bin\;C:\Users\4\AppData\Local\Microsoft\WindowsApps;C:\Users\4\AppData\Local\Programs\Microsoft VS Code\bin
USERNAME=4
OS=Windows_NT
PROCESSOR_IDENTIFIER=Intel64 Family 6 Model 42 Stepping 7, GenuineIntel
TMP=C:\Users\4\AppData\Local\Temp
TEMP=C:\Users\4\AppData\Local\Temp




Periodic native trim disabled

---------------  S Y S T E M  ---------------

OS:
 Windows 10 , 64 bit Build 19041 (10.0.19041.1889)
OS uptime: 0 days 16:49 hours

CPU: total 4 (initial active 4) (2 cores per cpu, 2 threads per core) family 6 model 42 stepping 7 microcode 0x2f, cx8, cmov, fxsr, ht, mmx, sse, sse2, sse3, ssse3, sse4.1, sse4.2, popcnt, tsc, tscinvbit, avx, aes, clmul, vzeroupper, clflush, rdtscp
Processor Information for all 4 processors :
  Max Mhz: 2401, Current Mhz: 1600, Mhz Limit: 2401

Memory: 4k page, system-wide physical 3992M (290M free)
TotalPageFile size 16280M (AvailPageFile size 5M)
current process WorkingSet (physical memory assigned to process): 10M, peak: 10M
current process commit charge ("private bytes"): 11M, peak: 12M

vm_info: Java HotSpot(TM) 64-Bit Server VM (22.0.1+8-16) for windows-amd64 JRE (22.0.1+8-16), built on 2024-03-12T10:33:16Z by "mach5one" with MS VC++ 17.6 (VS2022)

END.
