#
# There is insufficient memory for the Java Runtime Environment to continue.
# Native memory allocation (malloc) failed to allocate 32744 bytes. Error detail: Chunk::new
# Possible reasons:
#   The system is out of physical RAM or swap space
#   This process is running with CompressedOops enabled, and the Java Heap may be blocking the growth of the native heap
# Possible solutions:
#   Reduce memory load on the system
#   Increase physical memory or swap space
#   Check if swap backing store is full
#   Decrease Java heap size (-Xmx/-Xms)
#   Decrease number of Java threads
#   Decrease Java thread stack sizes (-Xss)
#   Set larger code cache with -XX:ReservedCodeCacheSize=
#   JVM is running with Unscaled Compressed Oops mode in which the Java heap is
#     placed in the first 4GB address space. The Java Heap base address is the
#     maximum limit for the native heap growth. Please use -XX:HeapBaseMinAddress
#     to set the Java Heap base and to place the Java Heap above 4GB virtual address.
# This output file may be truncated or incomplete.
#
#  Out of Memory Error (arena.cpp:150), pid=16036, tid=17660
#
# JRE version: Java(TM) SE Runtime Environment (22.0.1+8) (build 22.0.1+8-16)
# Java VM: Java HotSpot(TM) 64-Bit Server VM (22.0.1+8-16, mixed mode, sharing, tiered, compressed oops, compressed class ptrs, g1 gc, windows-amd64)
# No core dump will be written. Minidumps are not enabled by default on client versions of Windows
#

---------------  S U M M A R Y ------------

Command Line: -Dfile.encoding=UTF-8 --module-path=C:\Users\4\Documents\NetBeansProjects\Bank Management System\build\classes bank.management.system.SignupTwo

Host: Intel(R) Core(TM) i5-2430M CPU @ 2.40GHz, 4 cores, 3G,  Windows 10 , 64 bit Build 19041 (10.0.19041.1889)
Time: Mon Sep 23 17:22:22 2024 India Standard Time elapsed time: 0.786741 seconds (0d 0h 0m 0s)

---------------  T H R E A D  ---------------

Current thread (0x0000023b54819b60):  JavaThread "C2 CompilerThread0" daemon [_thread_in_native, id=17660, stack(0x0000004e04b00000,0x0000004e04c00000) (1024K)]


Current CompileTask:
C2:786  624       4       java.util.HashMap::resize (356 bytes)

Stack: [0x0000004e04b00000,0x0000004e04c00000]
Native frames: (J=compiled Java code, j=interpreted, Vv=VM code, C=native code)
V  [jvm.dll+0x6e2279]  (no source info available)
V  [jvm.dll+0x874e33]  (no source info available)
V  [jvm.dll+0x87725e]  (no source info available)
V  [jvm.dll+0x877933]  (no source info available)
V  [jvm.dll+0x27fd76]  (no source info available)
V  [jvm.dll+0xc3d0f]  (no source info available)
V  [jvm.dll+0xc3f6b]  (no source info available)
V  [jvm.dll+0x66bf5b]  (no source info available)
V  [jvm.dll+0x66c0ff]  (no source info available)
V  [jvm.dll+0x66c0ff]  (no source info available)
V  [jvm.dll+0x671b79]  (no source info available)
V  [jvm.dll+0x672ba9]  (no source info available)
V  [jvm.dll+0x670ee5]  (no source info available)
V  [jvm.dll+0x247797]  (no source info available)
V  [jvm.dll+0x246fbf]  (no source info available)
V  [jvm.dll+0x1c4e90]  (no source info available)
V  [jvm.dll+0x2569fe]  (no source info available)
V  [jvm.dll+0x254cba]  (no source info available)
V  [jvm.dll+0x3f5336]  (no source info available)
V  [jvm.dll+0x81d44b]  (no source info available)
V  [jvm.dll+0x6e0915]  (no source info available)
C  [ucrtbase.dll+0x21bb2]  (no source info available)
C  [KERNEL32.DLL+0x17034]  (no source info available)
C  [ntdll.dll+0x526a1]  (no source info available)


---------------  P R O C E S S  ---------------

Threads class SMR info:
_java_thread_list=0x0000023b54c624c0, length=15, elements={
0x0000023b37d31690, 0x0000023b547e5290, 0x0000023b547e5f50, 0x0000023b547ea300,
0x0000023b547ebff0, 0x0000023b54814e70, 0x0000023b548158d0, 0x0000023b54819b60,
0x0000023b5481e630, 0x0000023b547dc970, 0x0000023b54bc0760, 0x0000023b54c4fc50,
0x0000023b54c5e800, 0x0000023b54c61930, 0x0000023b54ccbde0
}

Java Threads: ( => current thread )
  0x0000023b37d31690 JavaThread "main"                              [_thread_in_native, id=17516, stack(0x0000004e03d00000,0x0000004e03e00000) (1024K)]
  0x0000023b547e5290 JavaThread "Reference Handler"          daemon [_thread_blocked, id=4548, stack(0x0000004e04500000,0x0000004e04600000) (1024K)]
  0x0000023b547e5f50 JavaThread "Finalizer"                  daemon [_thread_blocked, id=792, stack(0x0000004e04600000,0x0000004e04700000) (1024K)]
  0x0000023b547ea300 JavaThread "Signal Dispatcher"          daemon [_thread_blocked, id=5532, stack(0x0000004e04700000,0x0000004e04800000) (1024K)]
  0x0000023b547ebff0 JavaThread "Attach Listener"            daemon [_thread_blocked, id=2384, stack(0x0000004e04800000,0x0000004e04900000) (1024K)]
  0x0000023b54814e70 JavaThread "Service Thread"             daemon [_thread_blocked, id=3468, stack(0x0000004e04900000,0x0000004e04a00000) (1024K)]
  0x0000023b548158d0 JavaThread "Monitor Deflation Thread"   daemon [_thread_blocked, id=7044, stack(0x0000004e04a00000,0x0000004e04b00000) (1024K)]
=>0x0000023b54819b60 JavaThread "C2 CompilerThread0"         daemon [_thread_in_native, id=17660, stack(0x0000004e04b00000,0x0000004e04c00000) (1024K)]
  0x0000023b5481e630 JavaThread "C1 CompilerThread0"         daemon [_thread_blocked, id=17668, stack(0x0000004e04c00000,0x0000004e04d00000) (1024K)]
  0x0000023b547dc970 JavaThread "Common-Cleaner"             daemon [_thread_blocked, id=17652, stack(0x0000004e04d00000,0x0000004e04e00000) (1024K)]
  0x0000023b54bc0760 JavaThread "Notification Thread"        daemon [_thread_blocked, id=17648, stack(0x0000004e04e00000,0x0000004e04f00000) (1024K)]
  0x0000023b54c4fc50 JavaThread "Java2D Disposer"            daemon [_thread_blocked, id=17632, stack(0x0000004e04f00000,0x0000004e05000000) (1024K)]
  0x0000023b54c5e800 JavaThread "AWT-Shutdown"                      [_thread_blocked, id=17636, stack(0x0000004e05000000,0x0000004e05100000) (1024K)]
  0x0000023b54c61930 JavaThread "AWT-Windows"                daemon [_thread_in_native, id=17664, stack(0x0000004e05100000,0x0000004e05200000) (1024K)]
  0x0000023b54ccbde0 JavaThread "AWT-EventQueue-0"                  [_thread_blocked, id=15340, stack(0x0000004e05200000,0x0000004e05300000) (1024K)]
Total: 15

Other Threads:
  0x0000023b37df9f50 VMThread "VM Thread"                           [id=484, stack(0x0000004e04400000,0x0000004e04500000) (1024K)]
  0x0000023b547dc0d0 WatcherThread "VM Periodic Task Thread"        [id=2292, stack(0x0000004e04300000,0x0000004e04400000) (1024K)]
  0x0000023b37d6d1a0 WorkerThread "GC Thread#0"                     [id=15724, stack(0x0000004e03e00000,0x0000004e03f00000) (1024K)]
  0x0000023b37d77fa0 ConcurrentGCThread "G1 Main Marker"            [id=17540, stack(0x0000004e03f00000,0x0000004e04000000) (1024K)]
  0x0000023b37d789c0 WorkerThread "G1 Conc#0"                       [id=16724, stack(0x0000004e04000000,0x0000004e04100000) (1024K)]
  0x0000023b37dd4fc0 ConcurrentGCThread "G1 Refine#0"               [id=7924, stack(0x0000004e04100000,0x0000004e04200000) (1024K)]
  0x0000023b37dd5a50 ConcurrentGCThread "G1 Service"                [id=11192, stack(0x0000004e04200000,0x0000004e04300000) (1024K)]
Total: 7

Threads with active compile tasks:
C2 CompilerThread0  1999  624       4       java.util.HashMap::resize (356 bytes)
Total: 1

VM state: not at safepoint (normal execution)

VM Mutex/Monitor currently owned by a thread: None

Heap address: 0x00000000c1800000, size: 1000 MB, Compressed Oops mode: 32-bit

CDS archive(s) mapped at: [0x0000023b55000000-0x0000023b55c60000-0x0000023b55c60000), size 12976128, SharedBaseAddress: 0x0000023b55000000, ArchiveRelocationMode: 1.
Compressed class space mapped at: 0x0000023b56000000-0x0000023b96000000, reserved size: 1073741824
Narrow klass base: 0x0000023b55000000, Narrow klass shift: 0, Narrow klass range: 0x41000000

GC Precious Log:
 CardTable entry size: 512
 Card Set container configuration: InlinePtr #cards 5 size 8 Array Of Cards #cards 12 size 40 Howl #buckets 4 coarsen threshold 1843 Howl Bitmap #cards 512 size 80 coarsen threshold 460 Card regions per heap region 1 cards per card region 2048
 CPUs: 4 total, 4 available
 Memory: 3992M
 Large Page Support: Disabled
 NUMA Support: Disabled
 Compressed Oops: Enabled (32-bit)
 Heap Region Size: 1M
 Heap Min Capacity: 8M
 Heap Initial Capacity: 64M
 Heap Max Capacity: 1000M
 Pre-touch: Disabled
 Parallel Workers: 4
 Concurrent Workers: 1
 Concurrent Refinement Workers: 4
 Periodic GC: Disabled

Heap:
 garbage-first heap   total reserved 1024000K, committed 65536K, used 6144K [0x00000000c1800000, 0x0000000100000000)
  region size 1024K, 7 young (7168K), 0 survivors (0K)
 Metaspace       used 7677K, committed 7936K, reserved 1114112K
  class space    used 938K, committed 1088K, reserved 1048576K

Heap Regions: E=young(eden), S=young(survivor), O=old, HS=humongous(starts), HC=humongous(continues), CS=collection set, F=free, TAMS=top-at-mark-start, PB=parsable bottom
|   0|0x00000000c1800000, 0x00000000c1800000, 0x00000000c1900000|  0%| F|  |TAMS 0x00000000c1800000| PB 0x00000000c1800000| Untracked |  0
|   1|0x00000000c1900000, 0x00000000c1900000, 0x00000000c1a00000|  0%| F|  |TAMS 0x00000000c1900000| PB 0x00000000c1900000| Untracked |  0
|   2|0x00000000c1a00000, 0x00000000c1a00000, 0x00000000c1b00000|  0%| F|  |TAMS 0x00000000c1a00000| PB 0x00000000c1a00000| Untracked |  0
|   3|0x00000000c1b00000, 0x00000000c1b00000, 0x00000000c1c00000|  0%| F|  |TAMS 0x00000000c1b00000| PB 0x00000000c1b00000| Untracked |  0
|   4|0x00000000c1c00000, 0x00000000c1c00000, 0x00000000c1d00000|  0%| F|  |TAMS 0x00000000c1c00000| PB 0x00000000c1c00000| Untracked |  0
|   5|0x00000000c1d00000, 0x00000000c1d00000, 0x00000000c1e00000|  0%| F|  |TAMS 0x00000000c1d00000| PB 0x00000000c1d00000| Untracked |  0
|   6|0x00000000c1e00000, 0x00000000c1e00000, 0x00000000c1f00000|  0%| F|  |TAMS 0x00000000c1e00000| PB 0x00000000c1e00000| Untracked |  0
|   7|0x00000000c1f00000, 0x00000000c1f00000, 0x00000000c2000000|  0%| F|  |TAMS 0x00000000c1f00000| PB 0x00000000c1f00000| Untracked |  0
|   8|0x00000000c2000000, 0x00000000c2000000, 0x00000000c2100000|  0%| F|  |TAMS 0x00000000c2000000| PB 0x00000000c2000000| Untracked |  0
|   9|0x00000000c2100000, 0x00000000c2100000, 0x00000000c2200000|  0%| F|  |TAMS 0x00000000c2100000| PB 0x00000000c2100000| Untracked |  0
|  10|0x00000000c2200000, 0x00000000c2200000, 0x00000000c2300000|  0%| F|  |TAMS 0x00000000c2200000| PB 0x00000000c2200000| Untracked |  0
|  11|0x00000000c2300000, 0x00000000c2300000, 0x00000000c2400000|  0%| F|  |TAMS 0x00000000c2300000| PB 0x00000000c2300000| Untracked |  0
|  12|0x00000000c2400000, 0x00000000c2400000, 0x00000000c2500000|  0%| F|  |TAMS 0x00000000c2400000| PB 0x00000000c2400000| Untracked |  0
|  13|0x00000000c2500000, 0x00000000c2500000, 0x00000000c2600000|  0%| F|  |TAMS 0x00000000c2500000| PB 0x00000000c2500000| Untracked |  0
|  14|0x00000000c2600000, 0x00000000c2600000, 0x00000000c2700000|  0%| F|  |TAMS 0x00000000c2600000| PB 0x00000000c2600000| Untracked |  0
|  15|0x00000000c2700000, 0x00000000c2700000, 0x00000000c2800000|  0%| F|  |TAMS 0x00000000c2700000| PB 0x00000000c2700000| Untracked |  0
|  16|0x00000000c2800000, 0x00000000c2800000, 0x00000000c2900000|  0%| F|  |TAMS 0x00000000c2800000| PB 0x00000000c2800000| Untracked |  0
|  17|0x00000000c2900000, 0x00000000c2900000, 0x00000000c2a00000|  0%| F|  |TAMS 0x00000000c2900000| PB 0x00000000c2900000| Untracked |  0
|  18|0x00000000c2a00000, 0x00000000c2a00000, 0x00000000c2b00000|  0%| F|  |TAMS 0x00000000c2a00000| PB 0x00000000c2a00000| Untracked |  0
|  19|0x00000000c2b00000, 0x00000000c2b00000, 0x00000000c2c00000|  0%| F|  |TAMS 0x00000000c2b00000| PB 0x00000000c2b00000| Untracked |  0
|  20|0x00000000c2c00000, 0x00000000c2c00000, 0x00000000c2d00000|  0%| F|  |TAMS 0x00000000c2c00000| PB 0x00000000c2c00000| Untracked |  0
|  21|0x00000000c2d00000, 0x00000000c2d00000, 0x00000000c2e00000|  0%| F|  |TAMS 0x00000000c2d00000| PB 0x00000000c2d00000| Untracked |  0
|  22|0x00000000c2e00000, 0x00000000c2e00000, 0x00000000c2f00000|  0%| F|  |TAMS 0x00000000c2e00000| PB 0x00000000c2e00000| Untracked |  0
|  23|0x00000000c2f00000, 0x00000000c2f00000, 0x00000000c3000000|  0%| F|  |TAMS 0x00000000c2f00000| PB 0x00000000c2f00000| Untracked |  0
|  24|0x00000000c3000000, 0x00000000c3000000, 0x00000000c3100000|  0%| F|  |TAMS 0x00000000c3000000| PB 0x00000000c3000000| Untracked |  0
|  25|0x00000000c3100000, 0x00000000c3100000, 0x00000000c3200000|  0%| F|  |TAMS 0x00000000c3100000| PB 0x00000000c3100000| Untracked |  0
|  26|0x00000000c3200000, 0x00000000c3200000, 0x00000000c3300000|  0%| F|  |TAMS 0x00000000c3200000| PB 0x00000000c3200000| Untracked |  0
|  27|0x00000000c3300000, 0x00000000c3300000, 0x00000000c3400000|  0%| F|  |TAMS 0x00000000c3300000| PB 0x00000000c3300000| Untracked |  0
|  28|0x00000000c3400000, 0x00000000c3400000, 0x00000000c3500000|  0%| F|  |TAMS 0x00000000c3400000| PB 0x00000000c3400000| Untracked |  0
|  29|0x00000000c3500000, 0x00000000c3500000, 0x00000000c3600000|  0%| F|  |TAMS 0x00000000c3500000| PB 0x00000000c3500000| Untracked |  0
|  30|0x00000000c3600000, 0x00000000c3600000, 0x00000000c3700000|  0%| F|  |TAMS 0x00000000c3600000| PB 0x00000000c3600000| Untracked |  0
|  31|0x00000000c3700000, 0x00000000c3700000, 0x00000000c3800000|  0%| F|  |TAMS 0x00000000c3700000| PB 0x00000000c3700000| Untracked |  0
|  32|0x00000000c3800000, 0x00000000c3800000, 0x00000000c3900000|  0%| F|  |TAMS 0x00000000c3800000| PB 0x00000000c3800000| Untracked |  0
|  33|0x00000000c3900000, 0x00000000c3900000, 0x00000000c3a00000|  0%| F|  |TAMS 0x00000000c3900000| PB 0x00000000c3900000| Untracked |  0
|  34|0x00000000c3a00000, 0x00000000c3a00000, 0x00000000c3b00000|  0%| F|  |TAMS 0x00000000c3a00000| PB 0x00000000c3a00000| Untracked |  0
|  35|0x00000000c3b00000, 0x00000000c3b00000, 0x00000000c3c00000|  0%| F|  |TAMS 0x00000000c3b00000| PB 0x00000000c3b00000| Untracked |  0
|  36|0x00000000c3c00000, 0x00000000c3c00000, 0x00000000c3d00000|  0%| F|  |TAMS 0x00000000c3c00000| PB 0x00000000c3c00000| Untracked |  0
|  37|0x00000000c3d00000, 0x00000000c3d00000, 0x00000000c3e00000|  0%| F|  |TAMS 0x00000000c3d00000| PB 0x00000000c3d00000| Untracked |  0
|  38|0x00000000c3e00000, 0x00000000c3e00000, 0x00000000c3f00000|  0%| F|  |TAMS 0x00000000c3e00000| PB 0x00000000c3e00000| Untracked |  0
|  39|0x00000000c3f00000, 0x00000000c3f00000, 0x00000000c4000000|  0%| F|  |TAMS 0x00000000c3f00000| PB 0x00000000c3f00000| Untracked |  0
|  40|0x00000000c4000000, 0x00000000c4000000, 0x00000000c4100000|  0%| F|  |TAMS 0x00000000c4000000| PB 0x00000000c4000000| Untracked |  0
|  41|0x00000000c4100000, 0x00000000c4100000, 0x00000000c4200000|  0%| F|  |TAMS 0x00000000c4100000| PB 0x00000000c4100000| Untracked |  0
|  42|0x00000000c4200000, 0x00000000c4200000, 0x00000000c4300000|  0%| F|  |TAMS 0x00000000c4200000| PB 0x00000000c4200000| Untracked |  0
|  43|0x00000000c4300000, 0x00000000c4300000, 0x00000000c4400000|  0%| F|  |TAMS 0x00000000c4300000| PB 0x00000000c4300000| Untracked |  0
|  44|0x00000000c4400000, 0x00000000c4400000, 0x00000000c4500000|  0%| F|  |TAMS 0x00000000c4400000| PB 0x00000000c4400000| Untracked |  0
|  45|0x00000000c4500000, 0x00000000c4500000, 0x00000000c4600000|  0%| F|  |TAMS 0x00000000c4500000| PB 0x00000000c4500000| Untracked |  0
|  46|0x00000000c4600000, 0x00000000c4600000, 0x00000000c4700000|  0%| F|  |TAMS 0x00000000c4600000| PB 0x00000000c4600000| Untracked |  0
|  47|0x00000000c4700000, 0x00000000c4700000, 0x00000000c4800000|  0%| F|  |TAMS 0x00000000c4700000| PB 0x00000000c4700000| Untracked |  0
|  48|0x00000000c4800000, 0x00000000c4800000, 0x00000000c4900000|  0%| F|  |TAMS 0x00000000c4800000| PB 0x00000000c4800000| Untracked |  0
|  49|0x00000000c4900000, 0x00000000c4900000, 0x00000000c4a00000|  0%| F|  |TAMS 0x00000000c4900000| PB 0x00000000c4900000| Untracked |  0
|  50|0x00000000c4a00000, 0x00000000c4a00000, 0x00000000c4b00000|  0%| F|  |TAMS 0x00000000c4a00000| PB 0x00000000c4a00000| Untracked |  0
|  51|0x00000000c4b00000, 0x00000000c4b00000, 0x00000000c4c00000|  0%| F|  |TAMS 0x00000000c4b00000| PB 0x00000000c4b00000| Untracked |  0
|  52|0x00000000c4c00000, 0x00000000c4c00000, 0x00000000c4d00000|  0%| F|  |TAMS 0x00000000c4c00000| PB 0x00000000c4c00000| Untracked |  0
|  53|0x00000000c4d00000, 0x00000000c4d00000, 0x00000000c4e00000|  0%| F|  |TAMS 0x00000000c4d00000| PB 0x00000000c4d00000| Untracked |  0
|  54|0x00000000c4e00000, 0x00000000c4e00000, 0x00000000c4f00000|  0%| F|  |TAMS 0x00000000c4e00000| PB 0x00000000c4e00000| Untracked |  0
|  55|0x00000000c4f00000, 0x00000000c4f00000, 0x00000000c5000000|  0%| F|  |TAMS 0x00000000c4f00000| PB 0x00000000c4f00000| Untracked |  0
|  56|0x00000000c5000000, 0x00000000c5000000, 0x00000000c5100000|  0%| F|  |TAMS 0x00000000c5000000| PB 0x00000000c5000000| Untracked |  0
|  57|0x00000000c5100000, 0x00000000c518fa00, 0x00000000c5200000| 56%| E|  |TAMS 0x00000000c5100000| PB 0x00000000c5100000| Complete |  0
|  58|0x00000000c5200000, 0x00000000c5300000, 0x00000000c5300000|100%| E|CS|TAMS 0x00000000c5200000| PB 0x00000000c5200000| Complete |  0
|  59|0x00000000c5300000, 0x00000000c5400000, 0x00000000c5400000|100%| E|CS|TAMS 0x00000000c5300000| PB 0x00000000c5300000| Complete |  0
|  60|0x00000000c5400000, 0x00000000c5500000, 0x00000000c5500000|100%| E|CS|TAMS 0x00000000c5400000| PB 0x00000000c5400000| Complete |  0
|  61|0x00000000c5500000, 0x00000000c5600000, 0x00000000c5600000|100%| E|CS|TAMS 0x00000000c5500000| PB 0x00000000c5500000| Complete |  0
|  62|0x00000000c5600000, 0x00000000c5700000, 0x00000000c5700000|100%| E|CS|TAMS 0x00000000c5600000| PB 0x00000000c5600000| Complete |  0
|  63|0x00000000c5700000, 0x00000000c5800000, 0x00000000c5800000|100%| E|CS|TAMS 0x00000000c5700000| PB 0x00000000c5700000| Complete |  0

Card table byte_map: [0x0000023b510b0000,0x0000023b512b0000] _byte_map_base: 0x0000023b50aa4000

Marking Bits: (CMBitMap*) 0x0000023b37d6dfe0
 Bits: [0x0000023b512b0000, 0x0000023b52250000)

Polling page: 0x0000023b37e10000

Metaspace:

Usage:
  Non-class:      6.58 MB used.
      Class:    938.65 KB used.
       Both:      7.50 MB used.

Virtual space:
  Non-class space:       64.00 MB reserved,       6.69 MB ( 10%) committed,  1 nodes.
      Class space:        1.00 GB reserved,       1.06 MB ( <1%) committed,  1 nodes.
             Both:        1.06 GB reserved,       7.75 MB ( <1%) committed. 

Chunk freelists:
   Non-Class:  8.98 MB
       Class:  14.99 MB
        Both:  23.96 MB

MaxMetaspaceSize: unlimited
CompressedClassSpaceSize: 1.00 GB
Initial GC threshold: 21.00 MB
Current GC threshold: 21.00 MB
CDS: on
 - commit_granule_bytes: 65536.
 - commit_granule_words: 8192.
 - virtual_space_node_default_size: 8388608.
 - enlarge_chunks_in_place: 1.
 - use_allocation_guard: 0.


Internal statistics:

num_allocs_failed_limit: 0.
num_arena_births: 140.
num_arena_deaths: 0.
num_vsnodes_births: 2.
num_vsnodes_deaths: 0.
num_space_committed: 124.
num_space_uncommitted: 0.
num_chunks_returned_to_freelist: 0.
num_chunks_taken_from_freelist: 178.
num_chunk_merges: 0.
num_chunk_splits: 105.
num_chunks_enlarged: 38.
num_inconsistent_stats: 0.

CodeHeap 'non-profiled nmethods': size=120000Kb used=204Kb max_used=204Kb free=119795Kb
 bounds [0x0000023b49360000, 0x0000023b495d0000, 0x0000023b50890000]
CodeHeap 'profiled nmethods': size=120000Kb used=1147Kb max_used=1147Kb free=118852Kb
 bounds [0x0000023b41890000, 0x0000023b41b00000, 0x0000023b48dc0000]
CodeHeap 'non-nmethods': size=5760Kb used=1497Kb max_used=1497Kb free=4262Kb
 bounds [0x0000023b48dc0000, 0x0000023b49030000, 0x0000023b49360000]
 total_blobs=1354 nmethods=781 adapters=478
 compilation: enabled
              stopped_count=0, restarted_count=0
 full_count=0

Compilation events (20 events):
Event: 0.740 Thread 0x0000023b5481e630 nmethod 641 0x0000023b41972510 code [0x0000023b41972d60, 0x0000023b41976bd8]
Event: 0.741 Thread 0x0000023b5481e630  643       3       java.awt.Component::isValid (20 bytes)
Event: 0.741 Thread 0x0000023b5481e630 nmethod 643 0x0000023b41978390 code [0x0000023b41978520, 0x0000023b419786b8]
Event: 0.741 Thread 0x0000023b5481e630  642       3       javax.swing.UIManager::getColor (8 bytes)
Event: 0.741 Thread 0x0000023b5481e630 nmethod 642 0x0000023b41978790 code [0x0000023b41978980, 0x0000023b41978e78]
Event: 0.741 Thread 0x0000023b5481e630  644       1       java.util.EventObject::getSource (5 bytes)
Event: 0.741 Thread 0x0000023b5481e630 nmethod 644 0x0000023b4938c690 code [0x0000023b4938c820, 0x0000023b4938c8e8]
Event: 0.741 Thread 0x0000023b5481e630  645       3       java.lang.invoke.Invokers::maybeCustomize (5 bytes)
Event: 0.742 Thread 0x0000023b5481e630 nmethod 645 0x0000023b41979010 code [0x0000023b419791c0, 0x0000023b41979370]
Event: 0.742 Thread 0x0000023b5481e630  646       3       java.lang.invoke.MethodHandle::maybeCustomize (38 bytes)
Event: 0.742 Thread 0x0000023b5481e630 nmethod 646 0x0000023b41979490 code [0x0000023b41979660, 0x0000023b41979a40]
Event: 0.742 Thread 0x0000023b5481e630  647       3       java.security.AccessControlContext::combine (205 bytes)
Event: 0.743 Thread 0x0000023b5481e630 nmethod 647 0x0000023b41979b90 code [0x0000023b41979dc0, 0x0000023b4197a890]
Event: 0.743 Thread 0x0000023b5481e630  648       3       java.lang.invoke.DirectMethodHandle$Holder::invokeStatic (15 bytes)
Event: 0.743 Thread 0x0000023b5481e630 nmethod 648 0x0000023b4197ab90 code [0x0000023b4197ad60, 0x0000023b4197b2a0]
Event: 0.743 Thread 0x0000023b5481e630  649   !   3       javax.swing.JComponent::getClientProperty (56 bytes)
Event: 0.744 Thread 0x0000023b5481e630 nmethod 649 0x0000023b4197b410 code [0x0000023b4197b5e0, 0x0000023b4197b970]
Event: 0.744 Thread 0x0000023b5481e630  650       3       java.beans.PropertyChangeSupport::firePropertyChange (81 bytes)
Event: 0.745 Thread 0x0000023b5481e630 nmethod 650 0x0000023b4197bb10 code [0x0000023b4197bd60, 0x0000023b4197c9e0]
Event: 0.745 Thread 0x0000023b5481e630  651       3       java.beans.PropertyChangeSupport::firePropertyChange (35 bytes)

GC Heap History (0 events):
No events

Dll operation events (7 events):
Event: 0.073 Loaded shared library C:\Program Files\Java\jdk-22\bin\java.dll
Event: 0.153 Loaded shared library C:\Program Files\Java\jdk-22\bin\jsvml.dll
Event: 0.203 Loaded shared library C:\Program Files\Java\jdk-22\bin\net.dll
Event: 0.205 Loaded shared library C:\Program Files\Java\jdk-22\bin\nio.dll
Event: 0.238 Loaded shared library C:\Program Files\Java\jdk-22\bin\zip.dll
Event: 0.269 Loaded shared library C:\Program Files\Java\jdk-22\bin\jimage.dll
Event: 0.295 Loaded shared library C:\Program Files\Java\jdk-22\bin\awt.dll

Deoptimization events (4 events):
Event: 0.502 Thread 0x0000023b37d31690 Uncommon trap: trap_request=0xffffff45 fr.pc=0x0000023b493704c0 relative=0x0000000000000a00
Event: 0.502 Thread 0x0000023b37d31690 Uncommon trap: reason=unstable_if action=reinterpret pc=0x0000023b493704c0 method=java.util.HashMap.putVal(ILjava/lang/Object;Ljava/lang/Object;ZZ)Ljava/lang/Object; @ 236 c2
Event: 0.502 Thread 0x0000023b37d31690 DEOPT PACKING pc=0x0000023b493704c0 sp=0x0000004e03dfdce0
Event: 0.502 Thread 0x0000023b37d31690 DEOPT UNPACKING pc=0x0000023b48e146a2 sp=0x0000004e03dfdc98 mode 2

Classes loaded (20 events):
Event: 0.720 Loading class javax/swing/plaf/metal/MetalComboBoxButton
Event: 0.720 Loading class javax/swing/plaf/metal/MetalComboBoxButton done
Event: 0.720 Loading class javax/swing/plaf/metal/MetalComboBoxIcon
Event: 0.720 Loading class javax/swing/plaf/metal/MetalComboBoxIcon done
Event: 0.721 Loading class javax/swing/plaf/metal/MetalComboBoxButton$1
Event: 0.721 Loading class javax/swing/plaf/metal/MetalComboBoxButton$1 done
Event: 0.722 Loading class javax/swing/plaf/basic/BasicComboBoxUI$DefaultKeySelectionManager
Event: 0.722 Loading class javax/swing/JComboBox$KeySelectionManager
Event: 0.722 Loading class javax/swing/JComboBox$KeySelectionManager done
Event: 0.722 Loading class javax/swing/plaf/basic/BasicComboBoxUI$DefaultKeySelectionManager done
Event: 0.723 Loading class java/awt/event/PaintEvent
Event: 0.723 Loading class java/awt/event/PaintEvent done
Event: 0.723 Loading class sun/awt/dnd/SunDropTargetEvent
Event: 0.723 Loading class sun/awt/dnd/SunDropTargetEvent done
Event: 0.723 Loading class java/awt/event/FocusEvent
Event: 0.723 Loading class java/awt/event/FocusEvent done
Event: 0.723 Loading class java/awt/event/ContainerEvent
Event: 0.723 Loading class java/awt/event/ContainerEvent done
Event: 0.724 Loading class javax/swing/event/AncestorEvent
Event: 0.724 Loading class javax/swing/event/AncestorEvent done

Classes unloaded (0 events):
No events

Classes redefined (0 events):
No events

Internal exceptions (12 events):
Event: 0.206 Thread 0x0000023b37d31690 Exception <a 'sun/nio/fs/WindowsException'{0x00000000c56bc8f0}> (0x00000000c56bc8f0) 
thrown [s\open\src\hotspot\share\prims\jni.cpp, line 520]
Event: 0.209 Thread 0x0000023b37d31690 Exception <a 'sun/nio/fs/WindowsException'{0x00000000c56bedd8}> (0x00000000c56bedd8) 
thrown [s\open\src\hotspot\share\prims\jni.cpp, line 520]
Event: 0.209 Thread 0x0000023b37d31690 Exception <a 'sun/nio/fs/WindowsException'{0x00000000c56bf8b0}> (0x00000000c56bf8b0) 
thrown [s\open\src\hotspot\share\prims\jni.cpp, line 520]
Event: 0.278 Thread 0x0000023b37d31690 Exception <a 'java/lang/ClassNotFoundException'{0x00000000c5589418}: sun/awt/resources/spi/awtProvider> (0x00000000c5589418) 
thrown [s\open\src\hotspot\share\classfile\systemDictionary.cpp, line 313]
Event: 0.334 Thread 0x0000023b37d31690 Exception <a 'java/io/FileNotFoundException'{0x00000000c55dd668}> (0x00000000c55dd668) 
thrown [s\open\src\hotspot\share\prims\jni.cpp, line 520]
Event: 0.360 Thread 0x0000023b37d31690 Exception <a 'java/io/FileNotFoundException'{0x00000000c540baa8}> (0x00000000c540baa8) 
thrown [s\open\src\hotspot\share\prims\jni.cpp, line 520]
Event: 0.507 Thread 0x0000023b37d31690 Exception <a 'java/lang/NoSuchMethodError'{0x00000000c5314b10}: 'void java.lang.invoke.DirectMethodHandle$Holder.invokeSpecial(java.lang.Object, java.lang.Object, java.lang.Object)'> (0x00000000c5314b10) 
thrown [s\open\src\hotspot\share\interpreter\linkResolver.cpp, line 774]
Event: 0.522 Thread 0x0000023b37d31690 Exception <a 'java/lang/NoSuchMethodError'{0x00000000c533adb0}: 'java.lang.Object java.lang.invoke.DirectMethodHandle$Holder.newInvokeSpecial(java.lang.Object, java.lang.Object, java.lang.Object, java.lang.Object, java.lang.Object)'> (0x00000000c533adb0) 
thrown [s\open\src\hotspot\share\interpreter\linkResolver.cpp, line 774]
Event: 0.534 Thread 0x0000023b37d31690 Exception <a 'java/lang/NoSuchMethodError'{0x00000000c5367908}: 'java.lang.Object java.lang.invoke.DirectMethodHandle$Holder.invokeStatic(java.lang.Object, int, java.lang.Object)'> (0x00000000c5367908) 
thrown [s\open\src\hotspot\share\interpreter\linkResolver.cpp, line 774]
Event: 0.578 Thread 0x0000023b37d31690 Exception <a 'java/lang/ClassNotFoundException'{0x00000000c5209c18}: com/sun/swing/internal/plaf/metal/resources/spi/metalProvider> (0x00000000c5209c18) 
thrown [s\open\src\hotspot\share\classfile\systemDictionary.cpp, line 313]
Event: 0.580 Thread 0x0000023b37d31690 Exception <a 'java/lang/ClassNotFoundException'{0x00000000c520dbc8}: com/sun/swing/internal/plaf/basic/resources/spi/basicProvider> (0x00000000c520dbc8) 
thrown [s\open\src\hotspot\share\classfile\systemDictionary.cpp, line 313]
Event: 0.596 Thread 0x0000023b37d31690 Exception <a 'java/lang/NoSuchMethodError'{0x00000000c522d2b8}: 'int java.lang.invoke.Invokers$Holder.invokeExact_MT(java.lang.Object, java.lang.Object)'> (0x00000000c522d2b8) 
thrown [s\open\src\hotspot\share\interpreter\linkResolver.cpp, line 774]

ZGC Phase Switch (0 events):
No events

VM Operations (6 events):
Event: 0.210 Executing VM operation: HandshakeAllThreads (Deoptimize)
Event: 0.210 Executing VM operation: HandshakeAllThreads (Deoptimize) done
Event: 0.375 Executing VM operation: HandshakeAllThreads (Deoptimize)
Event: 0.375 Executing VM operation: HandshakeAllThreads (Deoptimize) done
Event: 0.606 Executing VM operation: HandshakeAllThreads (Deoptimize)
Event: 0.606 Executing VM operation: HandshakeAllThreads (Deoptimize) done

Events (15 events):
Event: 0.125 Thread 0x0000023b37d31690 Thread added: 0x0000023b37d31690
Event: 0.150 Thread 0x0000023b547e5290 Thread added: 0x0000023b547e5290
Event: 0.150 Thread 0x0000023b547e5f50 Thread added: 0x0000023b547e5f50
Event: 0.151 Thread 0x0000023b547ea300 Thread added: 0x0000023b547ea300
Event: 0.151 Thread 0x0000023b547ebff0 Thread added: 0x0000023b547ebff0
Event: 0.151 Thread 0x0000023b54814e70 Thread added: 0x0000023b54814e70
Event: 0.151 Thread 0x0000023b548158d0 Thread added: 0x0000023b548158d0
Event: 0.151 Thread 0x0000023b54819b60 Thread added: 0x0000023b54819b60
Event: 0.152 Thread 0x0000023b5481e630 Thread added: 0x0000023b5481e630
Event: 0.188 Thread 0x0000023b547dc970 Thread added: 0x0000023b547dc970
Event: 0.232 Thread 0x0000023b54bc0760 Thread added: 0x0000023b54bc0760
Event: 0.455 Thread 0x0000023b54c4fc50 Thread added: 0x0000023b54c4fc50
Event: 0.459 Thread 0x0000023b54c5e800 Thread added: 0x0000023b54c5e800
Event: 0.461 Thread 0x0000023b54c61930 Thread added: 0x0000023b54c61930
Event: 0.674 Thread 0x0000023b54ccbde0 Thread added: 0x0000023b54ccbde0


Dynamic libraries:
0x00007ff737600000 - 0x00007ff737610000 	C:\Program Files\Java\jdk-22\bin\java.exe
0x00007ffacfa50000 - 0x00007ffacfc48000 	C:\Windows\SYSTEM32\ntdll.dll
0x00007ffacdef0000 - 0x00007ffacdfad000 	C:\Windows\System32\KERNEL32.DLL
0x00007ffacd680000 - 0x00007ffacd94e000 	C:\Windows\System32\KERNELBASE.dll
0x00007ffacd520000 - 0x00007ffacd620000 	C:\Windows\System32\ucrtbase.dll
0x00007ffab17d0000 - 0x00007ffab17eb000 	C:\Program Files\Java\jdk-22\bin\VCRUNTIME140.dll
0x00007ffa981d0000 - 0x00007ffa981e7000 	C:\Program Files\Java\jdk-22\bin\jli.dll
0x00007ffacf760000 - 0x00007ffacf80e000 	C:\Windows\System32\ADVAPI32.dll
0x00007fface9d0000 - 0x00007ffacea6e000 	C:\Windows\System32\msvcrt.dll
0x00007ffacf810000 - 0x00007ffacf8ac000 	C:\Windows\System32\sechost.dll
0x00007ffacf8e0000 - 0x00007ffacfa05000 	C:\Windows\System32\RPCRT4.dll
0x00007fface7a0000 - 0x00007fface940000 	C:\Windows\System32\USER32.dll
0x00007ffacd620000 - 0x00007ffacd642000 	C:\Windows\System32\win32u.dll
0x00007ffabc530000 - 0x00007ffabc7ca000 	C:\Windows\WinSxS\amd64_microsoft.windows.common-controls_6595b64144ccf1df_6.0.19041.1110_none_60b5254171f9507e\COMCTL32.dll
0x00007ffacf8b0000 - 0x00007ffacf8da000 	C:\Windows\System32\GDI32.dll
0x00007ffacd410000 - 0x00007ffacd51b000 	C:\Windows\System32\gdi32full.dll
0x00007ffacd300000 - 0x00007ffacd39d000 	C:\Windows\System32\msvcp_win.dll
0x00007ffac67c0000 - 0x00007ffac67ca000 	C:\Windows\SYSTEM32\VERSION.dll
0x00007fface140000 - 0x00007fface170000 	C:\Windows\System32\IMM32.DLL
0x00007ffac8c10000 - 0x00007ffac8c1c000 	C:\Program Files\Java\jdk-22\bin\vcruntime140_1.dll
0x00007ffaaa2c0000 - 0x00007ffaaa34e000 	C:\Program Files\Java\jdk-22\bin\msvcp140.dll
0x00007ffaa7200000 - 0x00007ffaa7f47000 	C:\Program Files\Java\jdk-22\bin\server\jvm.dll
0x00007fface070000 - 0x00007fface0db000 	C:\Windows\System32\WS2_32.dll
0x00007ffacd060000 - 0x00007ffacd0ab000 	C:\Windows\SYSTEM32\POWRPROF.dll
0x00007ffabbc10000 - 0x00007ffabbc37000 	C:\Windows\SYSTEM32\WINMM.dll
0x00007ffaccfc0000 - 0x00007ffaccfd2000 	C:\Windows\SYSTEM32\UMPDC.dll
0x00007ffacb060000 - 0x00007ffacb072000 	C:\Windows\SYSTEM32\kernel.appcore.dll
0x00007ffab8fe0000 - 0x00007ffab8fea000 	C:\Program Files\Java\jdk-22\bin\jimage.dll
0x00007ffabd9b0000 - 0x00007ffabdb94000 	C:\Windows\SYSTEM32\DBGHELP.DLL
0x00007ffabd4f0000 - 0x00007ffabd51c000 	C:\Windows\SYSTEM32\dbgcore.DLL
0x00007ffacd170000 - 0x00007ffacd1f2000 	C:\Windows\System32\bcryptPrimitives.dll
0x00007ffaac7e0000 - 0x00007ffaac7fe000 	C:\Program Files\Java\jdk-22\bin\java.dll
0x00007ffaceee0000 - 0x00007ffacf623000 	C:\Windows\System32\SHELL32.dll
0x00007fface170000 - 0x00007fface29a000 	C:\Windows\System32\ole32.dll
0x00007ffacdb30000 - 0x00007ffacde84000 	C:\Windows\System32\combase.dll
0x00007ffacb260000 - 0x00007ffacb9f5000 	C:\Windows\SYSTEM32\windows.storage.dll
0x00007ffaccb00000 - 0x00007ffaccb30000 	C:\Windows\SYSTEM32\Wldp.dll
0x00007ffacdfc0000 - 0x00007fface06d000 	C:\Windows\System32\SHCORE.dll
0x00007ffacde90000 - 0x00007ffacdee5000 	C:\Windows\System32\shlwapi.dll
0x00007ffacd0b0000 - 0x00007ffacd0cf000 	C:\Windows\SYSTEM32\profapi.dll
0x00007ffaaa660000 - 0x00007ffaaa737000 	C:\Program Files\Java\jdk-22\bin\jsvml.dll
0x00007ffab6100000 - 0x00007ffab6110000 	C:\Program Files\Java\jdk-22\bin\net.dll
0x00007ffacc860000 - 0x00007ffacc8ca000 	C:\Windows\system32\mswsock.dll
0x00007ffaac600000 - 0x00007ffaac616000 	C:\Program Files\Java\jdk-22\bin\nio.dll
0x00007ffaaa640000 - 0x00007ffaaa657000 	C:\Program Files\Java\jdk-22\bin\zip.dll
0x00007ffaa9ad0000 - 0x00007ffaa9c5e000 	C:\Program Files\Java\jdk-22\bin\awt.dll
0x00007ffacf630000 - 0x00007ffacf6fd000 	C:\Windows\System32\OLEAUT32.dll
0x00007ffacaad0000 - 0x00007ffacab60000 	C:\Windows\SYSTEM32\apphelp.dll
0x00007ffacae80000 - 0x00007ffacaeaf000 	C:\Windows\system32\DWMAPI.DLL
0x00007ffacaba0000 - 0x00007ffacac3e000 	C:\Windows\system32\uxtheme.dll
0x00007ffaa99a0000 - 0x00007ffaa9ac7000 	C:\Windows\system32\opengl32.dll
0x00007ffaaa250000 - 0x00007ffaaa27c000 	C:\Windows\SYSTEM32\GLU32.dll
0x00007ffacece0000 - 0x00007ffacedf5000 	C:\Windows\System32\MSCTF.dll
0x00007ffaa9e00000 - 0x00007ffaa9e87000 	C:\Program Files\Java\jdk-22\bin\freetype.dll
0x00007ffaa7120000 - 0x00007ffaa71f7000 	C:\Program Files\Java\jdk-22\bin\fontmanager.dll
0x00007ffacec20000 - 0x00007ffacecc9000 	C:\Windows\System32\clbcatq.dll
0x00007ffac5290000 - 0x00007ffac5444000 	C:\Windows\SYSTEM32\WindowsCodecs.dll
0x00007ffacd650000 - 0x00007ffacd677000 	C:\Windows\System32\bcrypt.dll

dbghelp: loaded successfully - version: 4.0.5 - missing functions: none
symbol engine: initialized successfully - sym options: 0x614 - pdb path: .;C:\Program Files\Java\jdk-22\bin;C:\Windows\SYSTEM32;C:\Windows\WinSxS\amd64_microsoft.windows.common-controls_6595b64144ccf1df_6.0.19041.1110_none_60b5254171f9507e;C:\Program Files\Java\jdk-22\bin\server

VM Arguments:
jvm_args: -Dfile.encoding=UTF-8 --module-path=C:\Users\4\Documents\NetBeansProjects\Bank Management System\build\classes 
java_command: bank.management.system.SignupTwo
java_class_path (initial): C:\Users\4\Downloads\jcalendar-tz-1.3.3-4.jar;C:\Users\4\Downloads\mysql-connector-java-8.0.28.jar;C:\Users\4\Documents\NetBeansProjects\Bank Management System\build\classes
Launcher Type: SUN_STANDARD

[Global flags]
     intx CICompilerCount                          = 3                                         {product} {ergonomic}
     uint ConcGCThreads                            = 1                                         {product} {ergonomic}
     uint G1ConcRefinementThreads                  = 4                                         {product} {ergonomic}
   size_t G1HeapRegionSize                         = 1048576                                   {product} {ergonomic}
   size_t InitialHeapSize                          = 67108864                                  {product} {ergonomic}
   size_t MarkStackSize                            = 4194304                                   {product} {ergonomic}
   size_t MaxHeapSize                              = 1048576000                                {product} {ergonomic}
   size_t MaxNewSize                               = 629145600                                 {product} {ergonomic}
   size_t MinHeapDeltaBytes                        = 1048576                                   {product} {ergonomic}
   size_t MinHeapSize                              = 8388608                                   {product} {ergonomic}
    uintx NonNMethodCodeHeapSize                   = 5832780                                {pd product} {ergonomic}
    uintx NonProfiledCodeHeapSize                  = 122912730                              {pd product} {ergonomic}
    uintx ProfiledCodeHeapSize                     = 122912730                              {pd product} {ergonomic}
    uintx ReservedCodeCacheSize                    = 251658240                              {pd product} {ergonomic}
     bool SegmentedCodeCache                       = true                                      {product} {ergonomic}
   size_t SoftMaxHeapSize                          = 1048576000                             {manageable} {ergonomic}
     bool UseCompressedOops                        = true                           {product lp64_product} {ergonomic}
     bool UseG1GC                                  = true                                      {product} {ergonomic}
     bool UseLargePagesIndividualAllocation        = false                                  {pd product} {ergonomic}

Logging:
Log output configuration:
 #0: stdout all=warning uptime,level,tags foldmultilines=false
 #1: stderr all=off uptime,level,tags foldmultilines=false

Environment Variables:
PATH=C:\Program Files\Common Files\Oracle\Java\javapath;C:\Windows\system32;C:\Windows;C:\Windows\System32\Wbem;C:\Windows\System32\WindowsPowerShell\v1.0\;C:\Windows\System32\OpenSSH\;C:\Program Files\MySQL\MySQL Shell 8.0\bin\;C:\Users\4\AppData\Local\Microsoft\WindowsApps;C:\Users\4\AppData\Local\Programs\Microsoft VS Code\bin
USERNAME=4
OS=Windows_NT
PROCESSOR_IDENTIFIER=Intel64 Family 6 Model 42 Stepping 7, GenuineIntel
TMP=C:\Users\4\AppData\Local\Temp
TEMP=C:\Users\4\AppData\Local\Temp




Periodic native trim disabled

---------------  S Y S T E M  ---------------

OS:
 Windows 10 , 64 bit Build 19041 (10.0.19041.1889)
OS uptime: 0 days 4:20 hours

CPU: total 4 (initial active 4) (2 cores per cpu, 2 threads per core) family 6 model 42 stepping 7 microcode 0x2f, cx8, cmov, fxsr, ht, mmx, sse, sse2, sse3, ssse3, sse4.1, sse4.2, popcnt, tsc, tscinvbit, avx, aes, clmul, vzeroupper, clflush, rdtscp
Processor Information for all 4 processors :
  Max Mhz: 2401, Current Mhz: 2401, Mhz Limit: 2401

Memory: 4k page, system-wide physical 3992M (298M free)
TotalPageFile size 16280M (AvailPageFile size 1M)
current process WorkingSet (physical memory assigned to process): 58M, peak: 58M
current process commit charge ("private bytes"): 148M, peak: 149M

vm_info: Java HotSpot(TM) 64-Bit Server VM (22.0.1+8-16) for windows-amd64 JRE (22.0.1+8-16), built on 2024-03-12T10:33:16Z by "mach5one" with MS VC++ 17.6 (VS2022)

END.
