#
# There is insufficient memory for the Java Runtime Environment to continue.
# Native memory allocation (mmap) failed to map 67108864 bytes. Error detail: G1 virtual space
# Possible reasons:
#   The system is out of physical RAM or swap space
#   This process is running with CompressedOops enabled, and the Java Heap may be blocking the growth of the native heap
# Possible solutions:
#   Reduce memory load on the system
#   Increase physical memory or swap space
#   Check if swap backing store is full
#   Decrease Java heap size (-Xmx/-Xms)
#   Decrease number of Java threads
#   Decrease Java thread stack sizes (-Xss)
#   Set larger code cache with -XX:ReservedCodeCacheSize=
#   JVM is running with Unscaled Compressed Oops mode in which the Java heap is
#     placed in the first 4GB address space. The Java Heap base address is the
#     maximum limit for the native heap growth. Please use -XX:HeapBaseMinAddress
#     to set the Java Heap base and to place the Java Heap above 4GB virtual address.
# This output file may be truncated or incomplete.
#
#  Out of Memory Error (os_windows.cpp:3631), pid=12768, tid=7060
#
# JRE version:  (22.0.1+8) (build )
# Java VM: Java HotSpot(TM) 64-Bit Server VM (22.0.1+8-16, mixed mode, sharing, tiered, compressed oops, compressed class ptrs, g1 gc, windows-amd64)
# No core dump will be written. Minidumps are not enabled by default on client versions of Windows
#

---------------  S U M M A R Y ------------

Command Line: -Dfile.encoding=UTF-8 --module-path=C:\Users\4\Documents\NetBeansProjects\Bank Management System\build\classes bank.management.system.SignupThree

Host: Intel(R) Core(TM) i5-2430M CPU @ 2.40GHz, 4 cores, 3G,  Windows 10 , 64 bit Build 19041 (10.0.19041.1889)
Time: Mon Sep 23 17:43:28 2024 India Standard Time elapsed time: 0.353757 seconds (0d 0h 0m 0s)

---------------  T H R E A D  ---------------

Current thread (0x0000022a6524a880):  JavaThread "Unknown thread" [_thread_in_vm, id=7060, stack(0x0000008b4cf00000,0x0000008b4d000000) (1024K)]

Stack: [0x0000008b4cf00000,0x0000008b4d000000]
Native frames: (J=compiled Java code, j=interpreted, Vv=VM code, C=native code)
V  [jvm.dll+0x6e2279]  (no source info available)
V  [jvm.dll+0x874e33]  (no source info available)
V  [jvm.dll+0x87725e]  (no source info available)
V  [jvm.dll+0x877933]  (no source info available)
V  [jvm.dll+0x27fd76]  (no source info available)
V  [jvm.dll+0x6de915]  (no source info available)
V  [jvm.dll+0x6d341a]  (no source info available)
V  [jvm.dll+0x3589da]  (no source info available)
V  [jvm.dll+0x360f06]  (no source info available)
V  [jvm.dll+0x3b3e2e]  (no source info available)
V  [jvm.dll+0x3b40d8]  (no source info available)
V  [jvm.dll+0x32c59c]  (no source info available)
V  [jvm.dll+0x32d158]  (no source info available)
V  [jvm.dll+0x83ccdc]  (no source info available)
V  [jvm.dll+0x3c0d71]  (no source info available)
V  [jvm.dll+0x825ccc]  (no source info available)
V  [jvm.dll+0x45b8fe]  (no source info available)
V  [jvm.dll+0x45d781]  (no source info available)
C  [jli.dll+0x52a3]  (no source info available)
C  [ucrtbase.dll+0x21bb2]  (no source info available)
C  [KERNEL32.DLL+0x17034]  (no source info available)
C  [ntdll.dll+0x526a1]  (no source info available)


---------------  P R O C E S S  ---------------

Threads class SMR info:
_java_thread_list=0x00007ffaa7deb1c8, length=0, elements={
}

Java Threads: ( => current thread )
Total: 0

Other Threads:
  0x0000022a6737d400 WorkerThread "GC Thread#0"                     [id=5612, stack(0x0000008b4d000000,0x0000008b4d100000) (1024K)]
  0x0000022a67386900 ConcurrentGCThread "G1 Main Marker"            [id=15516, stack(0x0000008b4d100000,0x0000008b4d200000) (1024K)]
  0x0000022a673875c0 WorkerThread "G1 Conc#0"                       [id=14444, stack(0x0000008b4d200000,0x0000008b4d300000) (1024K)]

[error occurred during error reporting (printing all threads), id 0xc0000005, EXCEPTION_ACCESS_VIOLATION (0xc0000005) at pc=0x00007ffaa753f367]
VM state: not at safepoint (not fully initialized)

VM Mutex/Monitor currently owned by a thread:  ([mutex/lock_event])
[0x00007ffaa7e6bcb8] Heap_lock - owner thread: 0x0000022a6524a880

Heap address: 0x00000000c1800000, size: 1000 MB, Compressed Oops mode: 32-bit

CDS archive(s) mapped at: [0x0000000000000000-0x0000000000000000-0x0000000000000000), size 0, SharedBaseAddress: 0x0000000800000000, ArchiveRelocationMode: 1.
Narrow klass base: 0x0000000000000000, Narrow klass shift: 0, Narrow klass range: 0x0

GC Precious Log:
 CardTable entry size: 512
 Card Set container configuration: InlinePtr #cards 5 size 8 Array Of Cards #cards 12 size 40 Howl #buckets 4 coarsen threshold 1843 Howl Bitmap #cards 512 size 80 coarsen threshold 460 Card regions per heap region 1 cards per card region 2048

Heap:
 garbage-first heap   total reserved 1024000K, committed 0K, used 0K [0x00000000c1800000, 0x0000000100000000)
  region size 1024K, 0 young (0K), 0 survivors (0K)

[error occurred during error reporting (printing heap information), id 0xc0000005, EXCEPTION_ACCESS_VIOLATION (0xc0000005) at pc=0x00007ffaa793e429]
GC Heap History (0 events):
No events

Dll operation events (1 events):
Event: 0.137 Loaded shared library C:\Program Files\Java\jdk-22\bin\java.dll

Deoptimization events (0 events):
No events

Classes loaded (0 events):
No events

Classes unloaded (0 events):
No events

Classes redefined (0 events):
No events

Internal exceptions (0 events):
No events

ZGC Phase Switch (0 events):
No events

VM Operations (0 events):
No events

Events (0 events):
No events


Dynamic libraries:
0x00007ff737600000 - 0x00007ff737610000 	C:\Program Files\Java\jdk-22\bin\java.exe
0x00007ffacfa50000 - 0x00007ffacfc48000 	C:\Windows\SYSTEM32\ntdll.dll
0x00007ffacdef0000 - 0x00007ffacdfad000 	C:\Windows\System32\KERNEL32.DLL
0x00007ffacd680000 - 0x00007ffacd94e000 	C:\Windows\System32\KERNELBASE.dll
0x00007ffacd520000 - 0x00007ffacd620000 	C:\Windows\System32\ucrtbase.dll
0x00007ffab17d0000 - 0x00007ffab17eb000 	C:\Program Files\Java\jdk-22\bin\VCRUNTIME140.dll
0x00007ffa981d0000 - 0x00007ffa981e7000 	C:\Program Files\Java\jdk-22\bin\jli.dll
0x00007ffacf760000 - 0x00007ffacf80e000 	C:\Windows\System32\ADVAPI32.dll
0x00007fface9d0000 - 0x00007ffacea6e000 	C:\Windows\System32\msvcrt.dll
0x00007ffacf810000 - 0x00007ffacf8ac000 	C:\Windows\System32\sechost.dll
0x00007ffacf8e0000 - 0x00007ffacfa05000 	C:\Windows\System32\RPCRT4.dll
0x00007fface7a0000 - 0x00007fface940000 	C:\Windows\System32\USER32.dll
0x00007ffabc530000 - 0x00007ffabc7ca000 	C:\Windows\WinSxS\amd64_microsoft.windows.common-controls_6595b64144ccf1df_6.0.19041.1110_none_60b5254171f9507e\COMCTL32.dll
0x00007ffacd620000 - 0x00007ffacd642000 	C:\Windows\System32\win32u.dll
0x00007ffacf8b0000 - 0x00007ffacf8da000 	C:\Windows\System32\GDI32.dll
0x00007ffacd410000 - 0x00007ffacd51b000 	C:\Windows\System32\gdi32full.dll
0x00007ffacd300000 - 0x00007ffacd39d000 	C:\Windows\System32\msvcp_win.dll
0x00007ffac67c0000 - 0x00007ffac67ca000 	C:\Windows\SYSTEM32\VERSION.dll
0x00007fface140000 - 0x00007fface170000 	C:\Windows\System32\IMM32.DLL
0x00007ffac8c10000 - 0x00007ffac8c1c000 	C:\Program Files\Java\jdk-22\bin\vcruntime140_1.dll
0x00007ffaaa2c0000 - 0x00007ffaaa34e000 	C:\Program Files\Java\jdk-22\bin\msvcp140.dll
0x00007ffaa7200000 - 0x00007ffaa7f47000 	C:\Program Files\Java\jdk-22\bin\server\jvm.dll
0x00007fface070000 - 0x00007fface0db000 	C:\Windows\System32\WS2_32.dll
0x00007ffacd060000 - 0x00007ffacd0ab000 	C:\Windows\SYSTEM32\POWRPROF.dll
0x00007ffabbc10000 - 0x00007ffabbc37000 	C:\Windows\SYSTEM32\WINMM.dll
0x00007ffaccfc0000 - 0x00007ffaccfd2000 	C:\Windows\SYSTEM32\UMPDC.dll
0x00007ffacb060000 - 0x00007ffacb072000 	C:\Windows\SYSTEM32\kernel.appcore.dll
0x00007ffab8fe0000 - 0x00007ffab8fea000 	C:\Program Files\Java\jdk-22\bin\jimage.dll
0x00007ffabd9b0000 - 0x00007ffabdb94000 	C:\Windows\SYSTEM32\DBGHELP.DLL
0x00007ffabd4f0000 - 0x00007ffabd51c000 	C:\Windows\SYSTEM32\dbgcore.DLL
0x00007ffacd170000 - 0x00007ffacd1f2000 	C:\Windows\System32\bcryptPrimitives.dll
0x00007ffaac7e0000 - 0x00007ffaac7fe000 	C:\Program Files\Java\jdk-22\bin\java.dll
0x00007ffaceee0000 - 0x00007ffacf623000 	C:\Windows\System32\SHELL32.dll
0x00007fface170000 - 0x00007fface29a000 	C:\Windows\System32\ole32.dll
0x00007ffacdb30000 - 0x00007ffacde84000 	C:\Windows\System32\combase.dll

dbghelp: loaded successfully - version: 4.0.5 - missing functions: none
symbol engine: initialized successfully - sym options: 0x614 - pdb path: .;C:\Program Files\Java\jdk-22\bin;C:\Windows\SYSTEM32;C:\Windows\WinSxS\amd64_microsoft.windows.common-controls_6595b64144ccf1df_6.0.19041.1110_none_60b5254171f9507e;C:\Program Files\Java\jdk-22\bin\server

VM Arguments:
jvm_args: -Dfile.encoding=UTF-8 --module-path=C:\Users\4\Documents\NetBeansProjects\Bank Management System\build\classes 
java_command: bank.management.system.SignupThree
java_class_path (initial): C:\Users\4\Downloads\jcalendar-tz-1.3.3-4.jar;C:\Users\4\Downloads\mysql-connector-java-8.0.28.jar;C:\Users\4\Documents\NetBeansProjects\Bank Management System\build\classes
Launcher Type: SUN_STANDARD

[Global flags]
     intx CICompilerCount                          = 3                                         {product} {ergonomic}
     uint ConcGCThreads                            = 1                                         {product} {ergonomic}
     uint G1ConcRefinementThreads                  = 4                                         {product} {ergonomic}
   size_t G1HeapRegionSize                         = 1048576                                   {product} {ergonomic}
   size_t InitialHeapSize                          = 67108864                                  {product} {ergonomic}
   size_t MarkStackSize                            = 4194304                                   {product} {ergonomic}
   size_t MaxHeapSize                              = 1048576000                                {product} {ergonomic}
   size_t MinHeapDeltaBytes                        = 1048576                                   {product} {ergonomic}
   size_t MinHeapSize                              = 8388608                                   {product} {ergonomic}
    uintx NonNMethodCodeHeapSize                   = 5832780                                {pd product} {ergonomic}
    uintx NonProfiledCodeHeapSize                  = 122912730                              {pd product} {ergonomic}
    uintx ProfiledCodeHeapSize                     = 122912730                              {pd product} {ergonomic}
    uintx ReservedCodeCacheSize                    = 251658240                              {pd product} {ergonomic}
     bool SegmentedCodeCache                       = true                                      {product} {ergonomic}
   size_t SoftMaxHeapSize                          = 1048576000                             {manageable} {ergonomic}
     bool UseCompressedOops                        = true                           {product lp64_product} {ergonomic}
     bool UseG1GC                                  = true                                      {product} {ergonomic}
     bool UseLargePagesIndividualAllocation        = false                                  {pd product} {ergonomic}

Logging:
Log output configuration:
 #0: stdout all=warning uptime,level,tags foldmultilines=false
 #1: stderr all=off uptime,level,tags foldmultilines=false

Environment Variables:
PATH=C:\Program Files\Common Files\Oracle\Java\javapath;C:\Windows\system32;C:\Windows;C:\Windows\System32\Wbem;C:\Windows\System32\WindowsPowerShell\v1.0\;C:\Windows\System32\OpenSSH\;C:\Program Files\MySQL\MySQL Shell 8.0\bin\;C:\Users\4\AppData\Local\Microsoft\WindowsApps;C:\Users\4\AppData\Local\Programs\Microsoft VS Code\bin
USERNAME=4
OS=Windows_NT
PROCESSOR_IDENTIFIER=Intel64 Family 6 Model 42 Stepping 7, GenuineIntel
TMP=C:\Users\4\AppData\Local\Temp
TEMP=C:\Users\4\AppData\Local\Temp




Periodic native trim disabled

---------------  S Y S T E M  ---------------

OS:
 Windows 10 , 64 bit Build 19041 (10.0.19041.1889)
OS uptime: 0 days 4:41 hours

CPU: total 4 (initial active 4) (2 cores per cpu, 2 threads per core) family 6 model 42 stepping 7 microcode 0x2f, cx8, cmov, fxsr, ht, mmx, sse, sse2, sse3, ssse3, sse4.1, sse4.2, popcnt, tsc, tscinvbit, avx, aes, clmul, vzeroupper, clflush, rdtscp
Processor Information for all 4 processors :
  Max Mhz: 2401, Current Mhz: 800, Mhz Limit: 2401

Memory: 4k page, system-wide physical 3992M (262M free)
TotalPageFile size 16280M (AvailPageFile size 59M)
current process WorkingSet (physical memory assigned to process): 10M, peak: 10M
current process commit charge ("private bytes"): 52M, peak: 115M

vm_info: Java HotSpot(TM) 64-Bit Server VM (22.0.1+8-16) for windows-amd64 JRE (22.0.1+8-16), built on 2024-03-12T10:33:16Z by "mach5one" with MS VC++ 17.6 (VS2022)

END.
